<?xml version="1.0" encoding="UTF-8" ?>
<testsuite tests="12" failures="0" name="com.basic.tagsOfcucumberSD.RunnerGETRequestTest" time="0.073" errors="0" skipped="10">
  <properties>
[...]
</properties>
  <testcase classname="Scenario: Test my Get Method111" name="Given user start the rest asured test" time="0.002">
    <skipped/>
    <system-out>
  Scenario: Test my POST request test               # PostWithDataTable.feature:4
    Given user hit the post request with &quot;Tom&quot; name # MyPostWithDataTable.user_hit_the_post_request_with_json_data(String)
      java.nio.file.NoSuchFileException: D:\IBM\workspace\CucuRestAssured\src\test\java\com\basic\postFromTextFileSD\user.json
      	at sun.nio.fs.WindowsException.translateToIOException(Unknown Source)
      	at sun.nio.fs.WindowsException.rethrowAsIOException(Unknown Source)
      	at sun.nio.fs.WindowsException.rethrowAsIOException(Unknown Source)
      	at sun.nio.fs.WindowsFileSystemProvider.newByteChannel(Unknown Source)
      	at java.nio.file.Files.newByteChannel(Unknown Source)
      	at java.nio.file.Files.newByteChannel(Unknown Source)
      	at java.nio.file.Files.readAllBytes(Unknown Source)
      	at com.basic.postWithDataTableSD.MyPostWithDataTable.user_hit_the_post_request_with_json_data(MyPostWithDataTable.java:35)
      	at ?.Given user hit the post request with &quot;Tom&quot; name(PostWithDataTable.feature:5)

    Then user validate followind data               # MyPostWithDataTable.user_validate_followind_data(DataTable)
    Then I will validate other parameter            # MyPostWithDataTable.I_will_validate_other_parameter()

Failed scenarios:
PostWithDataTable.feature:4 # Scenario: Test my POST request test

1 Scenarios (1 failed)
3 Steps (1 failed, 2 skipped)
0m0.005s

java.nio.file.NoSuchFileException: D:\IBM\workspace\CucuRestAssured\src\test\java\com\basic\postFromTextFileSD\user.json
	at sun.nio.fs.WindowsException.translateToIOException(Unknown Source)
	at sun.nio.fs.WindowsException.rethrowAsIOException(Unknown Source)
	at sun.nio.fs.WindowsException.rethrowAsIOException(Unknown Source)
	at sun.nio.fs.WindowsFileSystemProvider.newByteChannel(Unknown Source)
	at java.nio.file.Files.newByteChannel(Unknown Source)
	at java.nio.file.Files.newByteChannel(Unknown Source)
	at java.nio.file.Files.readAllBytes(Unknown Source)
	at com.basic.postWithDataTableSD.MyPostWithDataTable.user_hit_the_post_request_with_json_data(MyPostWithDataTable.java:35)
	at ?.Given user hit the post request with &quot;Tom&quot; name(PostWithDataTable.feature:5)

@Important
Feature: First GET Rest Assured test105
</system-out>
  </testcase>
  <testcase classname="Scenario: Test my Get Method111" name="When user hit the get request" time="0.005">
    <skipped/>
  </testcase>
  <testcase classname="Scenario: Test my Get Method111" name="Then user checks the &quot;30&quot; count or size" time="0.01">
    <skipped/>
  </testcase>
  <testcase classname="Scenario: Test my Get Method111" name="Then user checks data at path &quot;MRData.limit&quot; having value &quot;30&quot; in jason" time="0.011">
    <skipped/>
  </testcase>
  <testcase classname="Scenario: Test my Get Method111" name="Then user checks data at path &quot;MRData.CircuitTable.Circuits[0].circuitId&quot; having value &quot;albert_park&quot; in jason" time="0.012">
    <skipped/>
  </testcase>
  <testcase classname="Scenario: Test my Get Method111" name="Scenario: Test my Get Method111" time="0.013"/>
  <testcase classname="Scenario: Test my Get Method112" name="Given user start the rest asured test" time="0.002">
    <skipped/>
    <system-out>
  @Smoke
  Scenario: Test my Get Method111                                                                                 # GetRequestTesting.feature:5
    Given user start the rest asured test                                                                         # GETRequestTestSD.user_start_the_rest_asured_test()
    When user hit the get request                                                                                 # GETRequestTestSD.user_hit_the_get_request()
    Then user checks the &quot;30&quot; count or size                                                                       # GETRequestTestSD.user_checks_the_count_or_size(String)
    Then user checks data at path &quot;MRData.limit&quot; having value &quot;30&quot; in jason                                       # GETRequestTestSD.user_checks_data_at_path_having_value_in_jason(String,String)
    Then user checks data at path &quot;MRData.CircuitTable.Circuits[0].circuitId&quot; having value &quot;albert_park&quot; in jason # GETRequestTestSD.user_checks_data_at_path_having_value_in_jason(String,String)
</system-out>
  </testcase>
  <testcase classname="Scenario: Test my Get Method112" name="When user hit the get request" time="0.002">
    <skipped/>
  </testcase>
  <testcase classname="Scenario: Test my Get Method112" name="Then user checks the &quot;30&quot; count or size" time="0.003">
    <skipped/>
  </testcase>
  <testcase classname="Scenario: Test my Get Method112" name="Then user checks data at path &quot;MRData.limit&quot; having value &quot;30&quot; in jason" time="0.004">
    <skipped/>
  </testcase>
  <testcase classname="Scenario: Test my Get Method112" name="Then user checks data at path &quot;MRData.CircuitTable.Circuits[0].circuitId&quot; having value &quot;albert_park&quot; in jason" time="0.004">
    <skipped/>
  </testcase>
  <testcase classname="Scenario: Test my Get Method112" name="Scenario: Test my Get Method112" time="0.005"/>
</testsuite>